{
"contracts/insurance.sol":{"l":{"115":38,"116":38,"118":38,"119":38,"120":38,"121":38,"122":38,"124":38,"125":38,"126":38,"130":66,"131":66,"133":66,"134":64,"135":64,"138":66,"142":12,"143":11,"145":9,"147":9,"148":1,"149":1,"150":1,"151":1,"155":9,"157":8,"159":8,"160":5,"161":5,"164":8,"166":8,"181":86,"182":84,"183":84,"184":83,"185":82,"186":81,"188":80,"190":80,"207":80,"209":80,"218":9,"219":8,"221":8,"222":7,"223":6,"225":5,"226":5,"227":5,"229":5,"233":8,"234":7,"235":6,"237":4,"239":4,"246":58,"247":57,"249":57,"250":56,"251":55,"252":54,"253":53,"255":52,"256":52,"258":52,"259":2,"262":52,"264":51,"265":51,"267":51,"269":51,"270":51,"284":51,"286":51,"288":51,"293":7,"294":6,"296":6,"297":5,"299":4,"300":4,"302":4,"303":4,"306":4,"307":4,"309":4,"310":4,"314":9,"315":8,"317":8,"318":7,"319":7,"320":6,"322":5,"323":5,"325":4,"326":4,"327":4,"329":4,"331":4,"332":4,"333":4,"334":4,"335":4,"336":4,"338":4,"342":16,"343":15,"345":15,"347":14,"348":14,"349":13,"351":12,"352":12,"362":12,"364":12,"366":12,"370":12,"371":12,"373":12,"379":12,"381":12,"385":12,"386":12,"387":12,"389":12,"391":12,"392":12,"394":12,"398":9,"399":9,"401":9,"402":9,"404":9,"406":9,"408":9,"409":9,"410":9,"411":10,"412":9,"413":9,"414":9,"417":9,"419":9,"421":9,"425":9,"426":6,"428":6,"430":6,"431":6,"432":6,"433":6,"435":6,"436":6,"438":6,"440":6,"442":6,"443":6,"445":3,"446":3,"447":3,"449":3,"451":3,"456":2,"458":1,"459":1,"460":1,"464":4,"465":3,"466":2,"468":1,"469":1,"473":4,"474":3,"476":2,"480":3,"482":2,"483":2,"484":2,"486":1,"487":1,"491":4,"495":3,"513":2,"514":1,"516":1,"545":2,"546":1,"548":1,"571":2,"572":1,"574":1,"586":13},"path":"/home/spericorn/Ajay/Weather_Based_Insurance/contracts/insurance.sol","s":{"1":38,"2":38,"3":38,"4":66,"5":66,"6":64,"7":66,"8":12,"9":11,"10":9,"11":9,"12":1,"13":1,"14":9,"15":8,"16":5,"17":8,"18":8,"19":86,"20":84,"21":84,"22":83,"23":82,"24":81,"25":80,"26":80,"27":80,"28":9,"29":8,"30":8,"31":7,"32":6,"33":5,"34":8,"35":7,"36":6,"37":4,"38":58,"39":57,"40":57,"41":56,"42":55,"43":54,"44":53,"45":52,"46":52,"47":52,"48":52,"49":51,"50":51,"51":51,"52":51,"53":51,"54":51,"55":7,"56":6,"57":6,"58":5,"59":4,"60":4,"61":4,"62":4,"63":4,"64":4,"65":9,"66":8,"67":8,"68":7,"69":7,"70":6,"71":5,"72":5,"73":4,"74":4,"75":4,"76":4,"77":16,"78":15,"79":15,"80":14,"81":14,"82":13,"83":12,"84":12,"85":12,"86":12,"87":12,"88":12,"89":12,"90":12,"91":0,"92":0,"93":12,"94":12,"95":12,"96":12,"97":12,"98":9,"99":9,"100":9,"101":9,"102":9,"103":9,"104":9,"105":9,"106":9,"107":10,"108":9,"109":9,"110":9,"111":6,"112":6,"113":6,"114":6,"115":6,"116":3,"117":2,"118":4,"119":3,"120":2,"121":4,"122":3,"123":3,"124":2,"125":2,"126":2,"127":1,"128":1,"129":4,"130":3,"131":2,"132":1,"133":1,"134":2,"135":1,"136":1,"137":2,"138":1,"139":1,"140":13},"b":{"1":[66,0],"2":[64,2],"3":[12,0],"4":[11,1],"5":[9,2],"6":[1,0],"7":[8,1],"8":[5,3],"9":[84,2],"10":[84,0],"11":[83,1],"12":[82,1],"13":[81,1],"14":[80,1],"15":[8,1],"16":[7,1],"17":[6,1],"18":[6,1],"19":[5,1],"20":[7,1],"21":[6,1],"22":[4,2],"23":[58,0],"24":[57,1],"25":[56,1],"26":[55,1],"27":[54,1],"28":[53,1],"29":[52,1],"30":[2,50],"31":[51,1],"32":[6,1],"33":[5,1],"34":[4,1],"35":[4,0],"36":[8,1],"37":[7,1],"38":[7,0],"39":[7,0],"40":[6,1],"41":[5,1],"42":[4,1],"43":[15,1],"44":[14,1],"45":[14,0],"46":[13,1],"47":[12,1],"48":[12,0],"49":[0,0],"50":[0,0],"51":[9,0],"52":[9,0],"53":[9,0],"54":[9,1],"55":[9,0],"56":[8,1],"57":[6,3],"58":[6,0],"59":[1,1],"60":[3,1],"61":[2,1],"62":[1,1],"63":[3,1],"64":[2,1],"65":[2,1],"66":[1,1],"67":[1,0],"68":[1,1],"69":[1,1],"70":[1,1]},"f":{"1":38,"2":66,"3":12,"4":86,"5":9,"6":8,"7":58,"8":7,"9":9,"10":16,"11":12,"12":9,"13":2,"14":4,"15":4,"16":3,"17":4,"18":3,"19":2,"20":2,"21":2,"22":13},"fnMap":{"1":{"name":"constructor","line":109,"loc":{"start":{"line":109,"column":4},"end":{"line":127,"column":4}}},"2":{"name":"stakeAsProvider","line":129,"loc":{"start":{"line":129,"column":4},"end":{"line":139,"column":4}}},"3":{"name":"unstakeAsProvider","line":141,"loc":{"start":{"line":141,"column":4},"end":{"line":167,"column":4}}},"4":{"name":"createInsuranceProduct","line":169,"loc":{"start":{"line":169,"column":4},"end":{"line":210,"column":4}}},"5":{"name":"updateInsuranceProduct","line":212,"loc":{"start":{"line":212,"column":4},"end":{"line":230,"column":4}}},"6":{"name":"updateRisk","line":232,"loc":{"start":{"line":232,"column":4},"end":{"line":240,"column":4}}},"7":{"name":"purchasePolicy","line":245,"loc":{"start":{"line":242,"column":4},"end":{"line":289,"column":4}}},"8":{"name":"cancelPolicy","line":292,"loc":{"start":{"line":292,"column":4},"end":{"line":311,"column":4}}},"9":{"name":"renewPolicy","line":313,"loc":{"start":{"line":313,"column":4},"end":{"line":339,"column":4}}},"10":{"name":"submitClaim","line":341,"loc":{"start":{"line":341,"column":4},"end":{"line":367,"column":4}}},"11":{"name":"requestWeatherData","line":369,"loc":{"start":{"line":369,"column":4},"end":{"line":395,"column":4}}},"12":{"name":"fetchWeatherData","line":397,"loc":{"start":{"line":397,"column":4},"end":{"line":453,"column":4}}},"13":{"name":"updateOracleParameters","line":455,"loc":{"start":{"line":455,"column":4},"end":{"line":461,"column":4}}},"14":{"name":"updatePlatformFee","line":463,"loc":{"start":{"line":463,"column":4},"end":{"line":470,"column":4}}},"15":{"name":"updateProviderMinimumStake","line":472,"loc":{"start":{"line":472,"column":4},"end":{"line":477,"column":4}}},"16":{"name":"withdrawLink","line":479,"loc":{"start":{"line":479,"column":4},"end":{"line":488,"column":4}}},"17":{"name":"getProviderProducts","line":490,"loc":{"start":{"line":490,"column":4},"end":{"line":492,"column":4}}},"18":{"name":"getUserPolicy","line":494,"loc":{"start":{"line":494,"column":4},"end":{"line":496,"column":4}}},"19":{"name":"getProductDetails","line":498,"loc":{"start":{"line":498,"column":4},"end":{"line":531,"column":4}}},"20":{"name":"getPolicyDetails","line":533,"loc":{"start":{"line":533,"column":4},"end":{"line":560,"column":4}}},"21":{"name":"getClaimDetails","line":562,"loc":{"start":{"line":562,"column":4},"end":{"line":583,"column":4}}},"22":{"name":"uint2str","line":585,"loc":{"start":{"line":585,"column":4},"end":{"line":587,"column":4}}}},"statementMap":{"1":{"start":{"line":115,"column":8},"end":{"line":115,"column":49}},"2":{"start":{"line":116,"column":8},"end":{"line":116,"column":41}},"3":{"start":{"line":118,"column":8},"end":{"line":118,"column":37}},"4":{"start":{"line":130,"column":8},"end":{"line":130,"column":57}},"5":{"start":{"line":133,"column":8},"end":{"line":133,"column":4724}},"6":{"start":{"line":134,"column":12},"end":{"line":134,"column":58}},"7":{"start":{"line":138,"column":8},"end":{"line":138,"column":50}},"8":{"start":{"line":142,"column":8},"end":{"line":142,"column":78}},"9":{"start":{"line":143,"column":8},"end":{"line":143,"column":86}},"10":{"start":{"line":145,"column":8},"end":{"line":145,"column":36}},"11":{"start":{"line":147,"column":8},"end":{"line":147,"column":5251}},"12":{"start":{"line":148,"column":12},"end":{"line":148,"column":60}},"13":{"start":{"line":149,"column":12},"end":{"line":149,"column":5397}},"14":{"start":{"line":155,"column":8},"end":{"line":155,"column":74}},"15":{"start":{"line":159,"column":8},"end":{"line":159,"column":5677}},"16":{"start":{"line":160,"column":12},"end":{"line":160,"column":59}},"17":{"start":{"line":164,"column":8},"end":{"line":164,"column":44}},"18":{"start":{"line":166,"column":8},"end":{"line":166,"column":50}},"19":{"start":{"line":181,"column":8},"end":{"line":181,"column":78}},"20":{"start":{"line":182,"column":8},"end":{"line":182,"column":66}},"21":{"start":{"line":183,"column":8},"end":{"line":183,"column":61}},"22":{"start":{"line":184,"column":8},"end":{"line":184,"column":78}},"23":{"start":{"line":185,"column":8},"end":{"line":185,"column":59}},"24":{"start":{"line":186,"column":8},"end":{"line":186,"column":99}},"25":{"start":{"line":188,"column":8},"end":{"line":188,"column":42}},"26":{"start":{"line":207,"column":8},"end":{"line":207,"column":51}},"27":{"start":{"line":209,"column":8},"end":{"line":209,"column":57}},"28":{"start":{"line":218,"column":8},"end":{"line":218,"column":67}},"29":{"start":{"line":219,"column":8},"end":{"line":219,"column":56}},"30":{"start":{"line":221,"column":8},"end":{"line":221,"column":98}},"31":{"start":{"line":222,"column":8},"end":{"line":222,"column":68}},"32":{"start":{"line":223,"column":8},"end":{"line":223,"column":97}},"33":{"start":{"line":229,"column":8},"end":{"line":229,"column":51}},"34":{"start":{"line":233,"column":8},"end":{"line":233,"column":104}},"35":{"start":{"line":234,"column":8},"end":{"line":234,"column":67}},"36":{"start":{"line":235,"column":8},"end":{"line":235,"column":76}},"37":{"start":{"line":239,"column":8},"end":{"line":239,"column":70}},"38":{"start":{"line":246,"column":8},"end":{"line":246,"column":66}},"39":{"start":{"line":247,"column":8},"end":{"line":247,"column":56}},"40":{"start":{"line":249,"column":8},"end":{"line":249,"column":54}},"41":{"start":{"line":250,"column":8},"end":{"line":250,"column":66}},"42":{"start":{"line":251,"column":8},"end":{"line":251,"column":84}},"43":{"start":{"line":252,"column":8},"end":{"line":252,"column":70}},"44":{"start":{"line":253,"column":8},"end":{"line":253,"column":69}},"45":{"start":{"line":255,"column":8},"end":{"line":255,"column":68}},"46":{"start":{"line":256,"column":8},"end":{"line":256,"column":57}},"47":{"start":{"line":258,"column":8},"end":{"line":258,"column":9539}},"48":{"start":{"line":262,"column":8},"end":{"line":262,"column":101}},"49":{"start":{"line":264,"column":8},"end":{"line":264,"column":73}},"50":{"start":{"line":265,"column":8},"end":{"line":265,"column":56}},"51":{"start":{"line":267,"column":8},"end":{"line":267,"column":50}},"52":{"start":{"line":269,"column":8},"end":{"line":269,"column":40}},"53":{"start":{"line":284,"column":8},"end":{"line":284,"column":46}},"54":{"start":{"line":288,"column":8},"end":{"line":288,"column":60}},"55":{"start":{"line":293,"column":8},"end":{"line":293,"column":64}},"56":{"start":{"line":294,"column":8},"end":{"line":294,"column":51}},"57":{"start":{"line":296,"column":8},"end":{"line":296,"column":69}},"58":{"start":{"line":297,"column":8},"end":{"line":297,"column":73}},"59":{"start":{"line":299,"column":8},"end":{"line":299,"column":65}},"60":{"start":{"line":300,"column":8},"end":{"line":300,"column":33}},"61":{"start":{"line":302,"column":8},"end":{"line":302,"column":11062}},"62":{"start":{"line":306,"column":8},"end":{"line":306,"column":70}},"63":{"start":{"line":307,"column":8},"end":{"line":307,"column":81}},"64":{"start":{"line":310,"column":8},"end":{"line":310,"column":58}},"65":{"start":{"line":314,"column":8},"end":{"line":314,"column":64}},"66":{"start":{"line":315,"column":8},"end":{"line":315,"column":51}},"67":{"start":{"line":317,"column":8},"end":{"line":317,"column":74}},"68":{"start":{"line":318,"column":8},"end":{"line":318,"column":120}},"69":{"start":{"line":319,"column":8},"end":{"line":319,"column":75}},"70":{"start":{"line":320,"column":8},"end":{"line":320,"column":66}},"71":{"start":{"line":322,"column":8},"end":{"line":322,"column":62}},"72":{"start":{"line":323,"column":8},"end":{"line":323,"column":57}},"73":{"start":{"line":325,"column":8},"end":{"line":325,"column":60}},"74":{"start":{"line":326,"column":8},"end":{"line":326,"column":71}},"75":{"start":{"line":327,"column":8},"end":{"line":327,"column":56}},"76":{"start":{"line":329,"column":8},"end":{"line":329,"column":50}},"77":{"start":{"line":342,"column":8},"end":{"line":342,"column":64}},"78":{"start":{"line":343,"column":8},"end":{"line":343,"column":51}},"79":{"start":{"line":345,"column":8},"end":{"line":345,"column":74}},"80":{"start":{"line":347,"column":8},"end":{"line":347,"column":73}},"81":{"start":{"line":348,"column":8},"end":{"line":348,"column":66}},"82":{"start":{"line":349,"column":8},"end":{"line":349,"column":73}},"83":{"start":{"line":351,"column":8},"end":{"line":351,"column":38}},"84":{"start":{"line":364,"column":8},"end":{"line":364,"column":45}},"85":{"start":{"line":366,"column":8},"end":{"line":366,"column":59}},"86":{"start":{"line":370,"column":8},"end":{"line":370,"column":51}},"87":{"start":{"line":371,"column":8},"end":{"line":371,"column":62}},"88":{"start":{"line":373,"column":8},"end":{"line":373,"column":13877}},"89":{"start":{"line":379,"column":8},"end":{"line":379,"column":31}},"90":{"start":{"line":381,"column":8},"end":{"line":381,"column":14153}},"91":{"start":{"line":382,"column":13},"end":{"line":382,"column":14250}},"92":{"start":{"line":383,"column":13},"end":{"line":383,"column":87}},"93":{"start":{"line":385,"column":8},"end":{"line":385,"column":57}},"94":{"start":{"line":386,"column":8},"end":{"line":386,"column":39}},"95":{"start":{"line":387,"column":8},"end":{"line":387,"column":55}},"96":{"start":{"line":389,"column":8},"end":{"line":389,"column":69}},"97":{"start":{"line":394,"column":8},"end":{"line":394,"column":55}},"98":{"start":{"line":398,"column":8},"end":{"line":398,"column":56}},"99":{"start":{"line":399,"column":8},"end":{"line":399,"column":50}},"100":{"start":{"line":401,"column":8},"end":{"line":401,"column":73}},"101":{"start":{"line":402,"column":8},"end":{"line":402,"column":78}},"102":{"start":{"line":404,"column":8},"end":{"line":404,"column":62}},"103":{"start":{"line":406,"column":8},"end":{"line":406,"column":69}},"104":{"start":{"line":408,"column":8},"end":{"line":408,"column":23}},"105":{"start":{"line":409,"column":8},"end":{"line":409,"column":26}},"106":{"start":{"line":410,"column":8},"end":{"line":410,"column":15330}},"107":{"start":{"line":411,"column":12},"end":{"line":411,"column":15387}},"108":{"start":{"line":417,"column":8},"end":{"line":417,"column":48}},"109":{"start":{"line":421,"column":8},"end":{"line":421,"column":15729}},"110":{"start":{"line":425,"column":8},"end":{"line":425,"column":15868}},"111":{"start":{"line":426,"column":12},"end":{"line":426,"column":50}},"112":{"start":{"line":428,"column":12},"end":{"line":428,"column":98}},"113":{"start":{"line":440,"column":12},"end":{"line":440,"column":62}},"114":{"start":{"line":442,"column":12},"end":{"line":442,"column":77}},"115":{"start":{"line":443,"column":12},"end":{"line":443,"column":84}},"116":{"start":{"line":451,"column":12},"end":{"line":451,"column":77}},"117":{"start":{"line":456,"column":8},"end":{"line":456,"column":60}},"118":{"start":{"line":464,"column":8},"end":{"line":464,"column":60}},"119":{"start":{"line":465,"column":8},"end":{"line":465,"column":53}},"120":{"start":{"line":466,"column":8},"end":{"line":466,"column":62}},"121":{"start":{"line":473,"column":8},"end":{"line":473,"column":60}},"122":{"start":{"line":474,"column":8},"end":{"line":474,"column":64}},"123":{"start":{"line":480,"column":8},"end":{"line":480,"column":60}},"124":{"start":{"line":482,"column":8},"end":{"line":482,"column":39}},"125":{"start":{"line":483,"column":8},"end":{"line":483,"column":55}},"126":{"start":{"line":484,"column":8},"end":{"line":484,"column":69}},"127":{"start":{"line":486,"column":8},"end":{"line":486,"column":57}},"128":{"start":{"line":487,"column":8},"end":{"line":487,"column":42}},"129":{"start":{"line":491,"column":8},"end":{"line":491,"column":42}},"130":{"start":{"line":495,"column":8},"end":{"line":495,"column":34}},"131":{"start":{"line":513,"column":8},"end":{"line":513,"column":67}},"132":{"start":{"line":514,"column":8},"end":{"line":514,"column":56}},"133":{"start":{"line":516,"column":8},"end":{"line":516,"column":19213}},"134":{"start":{"line":545,"column":8},"end":{"line":545,"column":64}},"135":{"start":{"line":546,"column":8},"end":{"line":546,"column":51}},"136":{"start":{"line":548,"column":8},"end":{"line":548,"column":20174}},"137":{"start":{"line":571,"column":8},"end":{"line":571,"column":61}},"138":{"start":{"line":572,"column":8},"end":{"line":572,"column":46}},"139":{"start":{"line":574,"column":8},"end":{"line":574,"column":20898}},"140":{"start":{"line":586,"column":8},"end":{"line":586,"column":35}}},"branchMap":{"1":{"line":130,"type":"if","locations":[{"start":{"line":130,"column":8},"end":{"line":130,"column":8}},{"start":{"line":130,"column":8},"end":{"line":130,"column":8}}]},"2":{"line":133,"type":"if","locations":[{"start":{"line":133,"column":8},"end":{"line":133,"column":8}},{"start":{"line":133,"column":8},"end":{"line":133,"column":8}}]},"3":{"line":141,"type":"if","locations":[{"start":{"line":141,"column":57},"end":{"line":141,"column":57}},{"start":{"line":141,"column":57},"end":{"line":141,"column":57}}]},"4":{"line":142,"type":"if","locations":[{"start":{"line":142,"column":8},"end":{"line":142,"column":8}},{"start":{"line":142,"column":8},"end":{"line":142,"column":8}}]},"5":{"line":143,"type":"if","locations":[{"start":{"line":143,"column":8},"end":{"line":143,"column":8}},{"start":{"line":143,"column":8},"end":{"line":143,"column":8}}]},"6":{"line":149,"type":"if","locations":[{"start":{"line":149,"column":12},"end":{"line":149,"column":12}},{"start":{"line":149,"column":12},"end":{"line":149,"column":12}}]},"7":{"line":155,"type":"if","locations":[{"start":{"line":155,"column":8},"end":{"line":155,"column":8}},{"start":{"line":155,"column":8},"end":{"line":155,"column":8}}]},"8":{"line":159,"type":"if","locations":[{"start":{"line":159,"column":8},"end":{"line":159,"column":8}},{"start":{"line":159,"column":8},"end":{"line":159,"column":8}}]},"9":{"line":181,"type":"if","locations":[{"start":{"line":181,"column":8},"end":{"line":181,"column":8}},{"start":{"line":181,"column":8},"end":{"line":181,"column":8}}]},"10":{"line":182,"type":"if","locations":[{"start":{"line":182,"column":8},"end":{"line":182,"column":8}},{"start":{"line":182,"column":8},"end":{"line":182,"column":8}}]},"11":{"line":183,"type":"if","locations":[{"start":{"line":183,"column":8},"end":{"line":183,"column":8}},{"start":{"line":183,"column":8},"end":{"line":183,"column":8}}]},"12":{"line":184,"type":"if","locations":[{"start":{"line":184,"column":8},"end":{"line":184,"column":8}},{"start":{"line":184,"column":8},"end":{"line":184,"column":8}}]},"13":{"line":185,"type":"if","locations":[{"start":{"line":185,"column":8},"end":{"line":185,"column":8}},{"start":{"line":185,"column":8},"end":{"line":185,"column":8}}]},"14":{"line":186,"type":"if","locations":[{"start":{"line":186,"column":8},"end":{"line":186,"column":8}},{"start":{"line":186,"column":8},"end":{"line":186,"column":8}}]},"15":{"line":218,"type":"if","locations":[{"start":{"line":218,"column":8},"end":{"line":218,"column":8}},{"start":{"line":218,"column":8},"end":{"line":218,"column":8}}]},"16":{"line":221,"type":"if","locations":[{"start":{"line":221,"column":8},"end":{"line":221,"column":8}},{"start":{"line":221,"column":8},"end":{"line":221,"column":8}}]},"17":{"line":221,"type":"cond-expr","locations":[{"start":{"line":221,"column":16},"end":{"line":221,"column":45}},{"start":{"line":221,"column":50},"end":{"line":221,"column":81}}]},"18":{"line":222,"type":"if","locations":[{"start":{"line":222,"column":8},"end":{"line":222,"column":8}},{"start":{"line":222,"column":8},"end":{"line":222,"column":8}}]},"19":{"line":223,"type":"if","locations":[{"start":{"line":223,"column":8},"end":{"line":223,"column":8}},{"start":{"line":223,"column":8},"end":{"line":223,"column":8}}]},"20":{"line":233,"type":"if","locations":[{"start":{"line":233,"column":8},"end":{"line":233,"column":8}},{"start":{"line":233,"column":8},"end":{"line":233,"column":8}}]},"21":{"line":234,"type":"if","locations":[{"start":{"line":234,"column":8},"end":{"line":234,"column":8}},{"start":{"line":234,"column":8},"end":{"line":234,"column":8}}]},"22":{"line":235,"type":"if","locations":[{"start":{"line":235,"column":8},"end":{"line":235,"column":8}},{"start":{"line":235,"column":8},"end":{"line":235,"column":8}}]},"23":{"line":245,"type":"if","locations":[{"start":{"line":245,"column":23},"end":{"line":245,"column":23}},{"start":{"line":245,"column":23},"end":{"line":245,"column":23}}]},"24":{"line":246,"type":"if","locations":[{"start":{"line":246,"column":8},"end":{"line":246,"column":8}},{"start":{"line":246,"column":8},"end":{"line":246,"column":8}}]},"25":{"line":249,"type":"if","locations":[{"start":{"line":249,"column":8},"end":{"line":249,"column":8}},{"start":{"line":249,"column":8},"end":{"line":249,"column":8}}]},"26":{"line":250,"type":"if","locations":[{"start":{"line":250,"column":8},"end":{"line":250,"column":8}},{"start":{"line":250,"column":8},"end":{"line":250,"column":8}}]},"27":{"line":251,"type":"if","locations":[{"start":{"line":251,"column":8},"end":{"line":251,"column":8}},{"start":{"line":251,"column":8},"end":{"line":251,"column":8}}]},"28":{"line":252,"type":"if","locations":[{"start":{"line":252,"column":8},"end":{"line":252,"column":8}},{"start":{"line":252,"column":8},"end":{"line":252,"column":8}}]},"29":{"line":253,"type":"if","locations":[{"start":{"line":253,"column":8},"end":{"line":253,"column":8}},{"start":{"line":253,"column":8},"end":{"line":253,"column":8}}]},"30":{"line":258,"type":"if","locations":[{"start":{"line":258,"column":8},"end":{"line":258,"column":8}},{"start":{"line":258,"column":8},"end":{"line":258,"column":8}}]},"31":{"line":262,"type":"if","locations":[{"start":{"line":262,"column":8},"end":{"line":262,"column":8}},{"start":{"line":262,"column":8},"end":{"line":262,"column":8}}]},"32":{"line":293,"type":"if","locations":[{"start":{"line":293,"column":8},"end":{"line":293,"column":8}},{"start":{"line":293,"column":8},"end":{"line":293,"column":8}}]},"33":{"line":296,"type":"if","locations":[{"start":{"line":296,"column":8},"end":{"line":296,"column":8}},{"start":{"line":296,"column":8},"end":{"line":296,"column":8}}]},"34":{"line":297,"type":"if","locations":[{"start":{"line":297,"column":8},"end":{"line":297,"column":8}},{"start":{"line":297,"column":8},"end":{"line":297,"column":8}}]},"35":{"line":302,"type":"if","locations":[{"start":{"line":302,"column":8},"end":{"line":302,"column":8}},{"start":{"line":302,"column":8},"end":{"line":302,"column":8}}]},"36":{"line":314,"type":"if","locations":[{"start":{"line":314,"column":8},"end":{"line":314,"column":8}},{"start":{"line":314,"column":8},"end":{"line":314,"column":8}}]},"37":{"line":317,"type":"if","locations":[{"start":{"line":317,"column":8},"end":{"line":317,"column":8}},{"start":{"line":317,"column":8},"end":{"line":317,"column":8}}]},"38":{"line":318,"type":"if","locations":[{"start":{"line":318,"column":8},"end":{"line":318,"column":8}},{"start":{"line":318,"column":8},"end":{"line":318,"column":8}}]},"39":{"line":318,"type":"cond-expr","locations":[{"start":{"line":318,"column":16},"end":{"line":318,"column":51}},{"start":{"line":318,"column":56},"end":{"line":318,"column":92}}]},"40":{"line":319,"type":"if","locations":[{"start":{"line":319,"column":8},"end":{"line":319,"column":8}},{"start":{"line":319,"column":8},"end":{"line":319,"column":8}}]},"41":{"line":320,"type":"if","locations":[{"start":{"line":320,"column":8},"end":{"line":320,"column":8}},{"start":{"line":320,"column":8},"end":{"line":320,"column":8}}]},"42":{"line":323,"type":"if","locations":[{"start":{"line":323,"column":8},"end":{"line":323,"column":8}},{"start":{"line":323,"column":8},"end":{"line":323,"column":8}}]},"43":{"line":342,"type":"if","locations":[{"start":{"line":342,"column":8},"end":{"line":342,"column":8}},{"start":{"line":342,"column":8},"end":{"line":342,"column":8}}]},"44":{"line":345,"type":"if","locations":[{"start":{"line":345,"column":8},"end":{"line":345,"column":8}},{"start":{"line":345,"column":8},"end":{"line":345,"column":8}}]},"45":{"line":347,"type":"if","locations":[{"start":{"line":347,"column":8},"end":{"line":347,"column":8}},{"start":{"line":347,"column":8},"end":{"line":347,"column":8}}]},"46":{"line":348,"type":"if","locations":[{"start":{"line":348,"column":8},"end":{"line":348,"column":8}},{"start":{"line":348,"column":8},"end":{"line":348,"column":8}}]},"47":{"line":349,"type":"if","locations":[{"start":{"line":349,"column":8},"end":{"line":349,"column":8}},{"start":{"line":349,"column":8},"end":{"line":349,"column":8}}]},"48":{"line":381,"type":"if","locations":[{"start":{"line":381,"column":8},"end":{"line":381,"column":8}},{"start":{"line":381,"column":8},"end":{"line":381,"column":8}}]},"49":{"line":382,"type":"if","locations":[{"start":{"line":382,"column":13},"end":{"line":382,"column":13}},{"start":{"line":382,"column":13},"end":{"line":382,"column":13}}]},"50":{"line":383,"type":"if","locations":[{"start":{"line":383,"column":13},"end":{"line":383,"column":13}},{"start":{"line":383,"column":13},"end":{"line":383,"column":13}}]},"51":{"line":397,"type":"if","locations":[{"start":{"line":397,"column":82},"end":{"line":397,"column":82}},{"start":{"line":397,"column":82},"end":{"line":397,"column":82}}]},"52":{"line":401,"type":"if","locations":[{"start":{"line":401,"column":8},"end":{"line":401,"column":8}},{"start":{"line":401,"column":8},"end":{"line":401,"column":8}}]},"53":{"line":402,"type":"if","locations":[{"start":{"line":402,"column":8},"end":{"line":402,"column":8}},{"start":{"line":402,"column":8},"end":{"line":402,"column":8}}]},"54":{"line":411,"type":"if","locations":[{"start":{"line":411,"column":12},"end":{"line":411,"column":12}},{"start":{"line":411,"column":12},"end":{"line":411,"column":12}}]},"55":{"line":417,"type":"if","locations":[{"start":{"line":417,"column":8},"end":{"line":417,"column":8}},{"start":{"line":417,"column":8},"end":{"line":417,"column":8}}]},"56":{"line":422,"type":"if","locations":[{"start":{"line":422,"column":12},"end":{"line":422,"column":53}},{"start":{"line":423,"column":12},"end":{"line":423,"column":53}}]},"57":{"line":425,"type":"if","locations":[{"start":{"line":425,"column":8},"end":{"line":425,"column":8}},{"start":{"line":425,"column":8},"end":{"line":425,"column":8}}]},"58":{"line":428,"type":"if","locations":[{"start":{"line":428,"column":12},"end":{"line":428,"column":12}},{"start":{"line":428,"column":12},"end":{"line":428,"column":12}}]},"59":{"line":456,"type":"if","locations":[{"start":{"line":456,"column":8},"end":{"line":456,"column":8}},{"start":{"line":456,"column":8},"end":{"line":456,"column":8}}]},"60":{"line":464,"type":"if","locations":[{"start":{"line":464,"column":8},"end":{"line":464,"column":8}},{"start":{"line":464,"column":8},"end":{"line":464,"column":8}}]},"61":{"line":465,"type":"if","locations":[{"start":{"line":465,"column":8},"end":{"line":465,"column":8}},{"start":{"line":465,"column":8},"end":{"line":465,"column":8}}]},"62":{"line":466,"type":"if","locations":[{"start":{"line":466,"column":8},"end":{"line":466,"column":8}},{"start":{"line":466,"column":8},"end":{"line":466,"column":8}}]},"63":{"line":473,"type":"if","locations":[{"start":{"line":473,"column":8},"end":{"line":473,"column":8}},{"start":{"line":473,"column":8},"end":{"line":473,"column":8}}]},"64":{"line":474,"type":"if","locations":[{"start":{"line":474,"column":8},"end":{"line":474,"column":8}},{"start":{"line":474,"column":8},"end":{"line":474,"column":8}}]},"65":{"line":480,"type":"if","locations":[{"start":{"line":480,"column":8},"end":{"line":480,"column":8}},{"start":{"line":480,"column":8},"end":{"line":480,"column":8}}]},"66":{"line":484,"type":"if","locations":[{"start":{"line":484,"column":8},"end":{"line":484,"column":8}},{"start":{"line":484,"column":8},"end":{"line":484,"column":8}}]},"67":{"line":487,"type":"if","locations":[{"start":{"line":487,"column":8},"end":{"line":487,"column":8}},{"start":{"line":487,"column":8},"end":{"line":487,"column":8}}]},"68":{"line":513,"type":"if","locations":[{"start":{"line":513,"column":8},"end":{"line":513,"column":8}},{"start":{"line":513,"column":8},"end":{"line":513,"column":8}}]},"69":{"line":545,"type":"if","locations":[{"start":{"line":545,"column":8},"end":{"line":545,"column":8}},{"start":{"line":545,"column":8},"end":{"line":545,"column":8}}]},"70":{"line":571,"type":"if","locations":[{"start":{"line":571,"column":8},"end":{"line":571,"column":8}},{"start":{"line":571,"column":8},"end":{"line":571,"column":8}}]}}},
"contracts/mockLinkToken.sol":{"l":{"8":32,"20":13,"22":13,"23":12,"32":12,"33":12,"37":1},"path":"/home/spericorn/Ajay/Weather_Based_Insurance/contracts/mockLinkToken.sol","s":{"1":32,"2":13,"3":12,"4":12,"5":12,"6":1},"b":{"1":[12,1],"2":[12,0]},"f":{"1":32,"2":13},"fnMap":{"1":{"name":"constructor","line":7,"loc":{"start":{"line":7,"column":4},"end":{"line":9,"column":4}}},"2":{"name":"transferAndCall","line":11,"loc":{"start":{"line":11,"column":4},"end":{"line":38,"column":4}}}},"statementMap":{"1":{"start":{"line":8,"column":8},"end":{"line":8,"column":40}},"2":{"start":{"line":22,"column":8},"end":{"line":22,"column":550}},"3":{"start":{"line":23,"column":12},"end":{"line":23,"column":605}},"4":{"start":{"line":32,"column":12},"end":{"line":32,"column":884}},"5":{"start":{"line":33,"column":16},"end":{"line":33,"column":30}},"6":{"start":{"line":37,"column":8},"end":{"line":37,"column":22}}},"branchMap":{"1":{"line":22,"type":"if","locations":[{"start":{"line":22,"column":8},"end":{"line":22,"column":8}},{"start":{"line":22,"column":8},"end":{"line":22,"column":8}}]},"2":{"line":32,"type":"if","locations":[{"start":{"line":32,"column":12},"end":{"line":32,"column":12}},{"start":{"line":32,"column":12},"end":{"line":32,"column":12}}]}}},
"contracts/mockOracle.sol":{"l":{"18":32,"26":12,"28":12,"31":0,"36":0,"37":0,"44":1,"46":1,"47":1,"49":1,"50":1,"52":0,"55":1,"59":1,"60":1,"63":1,"73":9,"75":9,"76":9,"79":9},"path":"/home/spericorn/Ajay/Weather_Based_Insurance/contracts/mockOracle.sol","s":{"1":12,"2":12,"3":0,"4":0,"5":1,"6":1,"7":1,"8":1,"9":1,"10":1,"11":1,"12":1,"13":9,"14":9,"15":9,"16":9},"b":{"1":[12,0],"2":[1,0],"3":[1,0],"4":[9,0]},"f":{"1":32,"2":12,"3":1,"4":9},"fnMap":{"1":{"name":"constructor","line":17,"loc":{"start":{"line":17,"column":4},"end":{"line":19,"column":4}}},"2":{"name":"onTokenTransfer","line":21,"loc":{"start":{"line":21,"column":4},"end":{"line":38,"column":4}}},"3":{"name":"fulfillOracleRequest","line":40,"loc":{"start":{"line":40,"column":4},"end":{"line":64,"column":4}}},"4":{"name":"fulfillOracleRequest","line":66,"loc":{"start":{"line":66,"column":4},"end":{"line":80,"column":4}}}},"statementMap":{"1":{"start":{"line":26,"column":8},"end":{"line":26,"column":66}},"2":{"start":{"line":28,"column":8},"end":{"line":28,"column":743}},"3":{"start":{"line":36,"column":8},"end":{"line":36,"column":42}},"4":{"start":{"line":37,"column":8},"end":{"line":37,"column":19}},"5":{"start":{"line":44,"column":8},"end":{"line":44,"column":88}},"6":{"start":{"line":46,"column":8},"end":{"line":46,"column":53}},"7":{"start":{"line":47,"column":8},"end":{"line":47,"column":57}},"8":{"start":{"line":49,"column":8},"end":{"line":49,"column":1430}},"9":{"start":{"line":55,"column":8},"end":{"line":55,"column":1595}},"10":{"start":{"line":59,"column":8},"end":{"line":59,"column":1743}},"11":{"start":{"line":60,"column":12},"end":{"line":60,"column":47}},"12":{"start":{"line":63,"column":8},"end":{"line":63,"column":22}},"13":{"start":{"line":73,"column":8},"end":{"line":73,"column":94}},"14":{"start":{"line":75,"column":8},"end":{"line":75,"column":2197}},"15":{"start":{"line":76,"column":12},"end":{"line":76,"column":47}},"16":{"start":{"line":79,"column":8},"end":{"line":79,"column":22}}},"branchMap":{"1":{"line":26,"type":"if","locations":[{"start":{"line":26,"column":8},"end":{"line":26,"column":8}},{"start":{"line":26,"column":8},"end":{"line":26,"column":8}}]},"2":{"line":49,"type":"if","locations":[{"start":{"line":49,"column":8},"end":{"line":49,"column":8}},{"start":{"line":49,"column":8},"end":{"line":49,"column":8}}]},"3":{"line":59,"type":"if","locations":[{"start":{"line":59,"column":8},"end":{"line":59,"column":8}},{"start":{"line":59,"column":8},"end":{"line":59,"column":8}}]},"4":{"line":75,"type":"if","locations":[{"start":{"line":75,"column":8},"end":{"line":75,"column":8}},{"start":{"line":75,"column":8},"end":{"line":75,"column":8}}]}}}}
