{
"contracts/insurance.sol":{"l":{"203":38,"204":38,"206":38,"207":38,"208":38,"209":38,"210":38,"212":38,"213":38,"214":38,"220":66,"221":66,"223":66,"224":64,"225":64,"228":66,"235":12,"236":11,"238":9,"240":9,"241":1,"242":1,"243":1,"244":1,"248":9,"250":8,"252":8,"253":5,"254":5,"257":8,"259":8,"286":86,"287":84,"288":84,"289":83,"290":82,"291":81,"293":80,"295":80,"312":80,"314":80,"329":9,"330":8,"332":8,"333":7,"334":6,"336":5,"337":5,"338":5,"340":5,"348":8,"349":7,"350":6,"352":4,"354":4,"365":58,"366":57,"368":57,"369":56,"370":55,"371":54,"372":53,"374":52,"375":52,"377":52,"378":2,"381":52,"383":51,"384":51,"386":51,"388":51,"389":51,"403":51,"405":51,"407":51,"414":7,"415":6,"417":6,"418":5,"420":4,"421":4,"423":4,"424":4,"427":4,"428":4,"430":4,"431":4,"438":9,"439":8,"441":8,"442":7,"443":7,"444":6,"446":5,"447":5,"449":4,"450":4,"451":4,"453":4,"455":4,"456":4,"457":4,"458":4,"459":4,"460":4,"462":4,"469":16,"470":15,"472":15,"474":14,"475":14,"476":13,"478":12,"479":12,"489":12,"491":12,"493":12,"501":12,"502":12,"504":12,"510":12,"512":12,"516":12,"517":12,"518":12,"520":12,"522":12,"523":12,"525":12,"533":9,"534":9,"536":9,"537":9,"539":9,"541":9,"543":9,"544":9,"545":9,"546":10,"547":9,"548":9,"549":9,"552":9,"554":9,"556":9,"560":9,"561":6,"563":6,"565":6,"566":6,"567":6,"568":6,"570":6,"571":6,"573":6,"575":6,"577":6,"578":6,"580":3,"581":3,"582":3,"584":3,"586":3,"596":2,"598":1,"599":1,"600":1,"608":4,"609":3,"610":2,"612":1,"613":1,"620":4,"621":3,"623":2,"630":3,"632":2,"633":2,"634":2,"636":1,"637":1,"644":4,"651":3,"684":2,"685":1,"687":1,"728":2,"729":1,"731":1,"763":2,"764":1,"766":1,"782":13},"path":"/home/spericorn/Ajay/WeatherSure_WeatherBasedInsurance/contracts/insurance.sol","s":{"1":38,"2":38,"3":38,"4":66,"5":66,"6":64,"7":66,"8":12,"9":11,"10":9,"11":9,"12":1,"13":1,"14":9,"15":8,"16":5,"17":8,"18":8,"19":86,"20":84,"21":84,"22":83,"23":82,"24":81,"25":80,"26":80,"27":80,"28":9,"29":8,"30":8,"31":7,"32":6,"33":5,"34":8,"35":7,"36":6,"37":4,"38":58,"39":57,"40":57,"41":56,"42":55,"43":54,"44":53,"45":52,"46":52,"47":52,"48":52,"49":51,"50":51,"51":51,"52":51,"53":51,"54":51,"55":7,"56":6,"57":6,"58":5,"59":4,"60":4,"61":4,"62":4,"63":4,"64":4,"65":9,"66":8,"67":8,"68":7,"69":7,"70":6,"71":5,"72":5,"73":4,"74":4,"75":4,"76":4,"77":16,"78":15,"79":15,"80":14,"81":14,"82":13,"83":12,"84":12,"85":12,"86":12,"87":12,"88":12,"89":12,"90":12,"91":0,"92":0,"93":12,"94":12,"95":12,"96":12,"97":12,"98":9,"99":9,"100":9,"101":9,"102":9,"103":9,"104":9,"105":9,"106":9,"107":10,"108":9,"109":9,"110":9,"111":6,"112":6,"113":6,"114":6,"115":6,"116":3,"117":2,"118":4,"119":3,"120":2,"121":4,"122":3,"123":3,"124":2,"125":2,"126":2,"127":1,"128":1,"129":4,"130":3,"131":2,"132":1,"133":1,"134":2,"135":1,"136":1,"137":2,"138":1,"139":1,"140":13},"b":{"1":[66,0],"2":[64,2],"3":[12,0],"4":[11,1],"5":[9,2],"6":[1,0],"7":[8,1],"8":[5,3],"9":[84,2],"10":[84,0],"11":[83,1],"12":[82,1],"13":[81,1],"14":[80,1],"15":[8,1],"16":[7,1],"17":[6,1],"18":[6,1],"19":[5,1],"20":[7,1],"21":[6,1],"22":[4,2],"23":[58,0],"24":[57,1],"25":[56,1],"26":[55,1],"27":[54,1],"28":[53,1],"29":[52,1],"30":[2,50],"31":[51,1],"32":[6,1],"33":[5,1],"34":[4,1],"35":[4,0],"36":[8,1],"37":[7,1],"38":[7,0],"39":[7,0],"40":[6,1],"41":[5,1],"42":[4,1],"43":[15,1],"44":[14,1],"45":[14,0],"46":[13,1],"47":[12,1],"48":[12,0],"49":[0,0],"50":[0,0],"51":[9,0],"52":[9,0],"53":[9,0],"54":[9,1],"55":[9,0],"56":[8,1],"57":[6,3],"58":[6,0],"59":[1,1],"60":[3,1],"61":[2,1],"62":[1,1],"63":[3,1],"64":[2,1],"65":[2,1],"66":[1,1],"67":[1,0],"68":[1,1],"69":[1,1],"70":[1,1]},"f":{"1":38,"2":66,"3":12,"4":86,"5":9,"6":8,"7":58,"8":7,"9":9,"10":16,"11":12,"12":9,"13":2,"14":4,"15":4,"16":3,"17":4,"18":3,"19":2,"20":2,"21":2,"22":13},"fnMap":{"1":{"name":"constructor","line":197,"loc":{"start":{"line":197,"column":4},"end":{"line":215,"column":4}}},"2":{"name":"stakeAsProvider","line":219,"loc":{"start":{"line":219,"column":4},"end":{"line":229,"column":4}}},"3":{"name":"unstakeAsProvider","line":234,"loc":{"start":{"line":234,"column":4},"end":{"line":260,"column":4}}},"4":{"name":"createInsuranceProduct","line":274,"loc":{"start":{"line":274,"column":4},"end":{"line":315,"column":4}}},"5":{"name":"updateInsuranceProduct","line":323,"loc":{"start":{"line":323,"column":4},"end":{"line":341,"column":4}}},"6":{"name":"updateRisk","line":347,"loc":{"start":{"line":347,"column":4},"end":{"line":355,"column":4}}},"7":{"name":"purchasePolicy","line":364,"loc":{"start":{"line":361,"column":4},"end":{"line":408,"column":4}}},"8":{"name":"cancelPolicy","line":413,"loc":{"start":{"line":413,"column":4},"end":{"line":432,"column":4}}},"9":{"name":"renewPolicy","line":437,"loc":{"start":{"line":437,"column":4},"end":{"line":463,"column":4}}},"10":{"name":"submitClaim","line":468,"loc":{"start":{"line":468,"column":4},"end":{"line":494,"column":4}}},"11":{"name":"requestWeatherData","line":500,"loc":{"start":{"line":500,"column":4},"end":{"line":526,"column":4}}},"12":{"name":"fetchWeatherData","line":532,"loc":{"start":{"line":532,"column":4},"end":{"line":588,"column":4}}},"13":{"name":"updateOracleParameters","line":595,"loc":{"start":{"line":595,"column":4},"end":{"line":601,"column":4}}},"14":{"name":"updatePlatformFee","line":607,"loc":{"start":{"line":607,"column":4},"end":{"line":614,"column":4}}},"15":{"name":"updateProviderMinimumStake","line":619,"loc":{"start":{"line":619,"column":4},"end":{"line":624,"column":4}}},"16":{"name":"withdrawLink","line":629,"loc":{"start":{"line":629,"column":4},"end":{"line":638,"column":4}}},"17":{"name":"getProviderProducts","line":643,"loc":{"start":{"line":643,"column":4},"end":{"line":645,"column":4}}},"18":{"name":"getUserPolicy","line":650,"loc":{"start":{"line":650,"column":4},"end":{"line":652,"column":4}}},"19":{"name":"getProductDetails","line":669,"loc":{"start":{"line":669,"column":4},"end":{"line":702,"column":4}}},"20":{"name":"getPolicyDetails","line":716,"loc":{"start":{"line":716,"column":4},"end":{"line":743,"column":4}}},"21":{"name":"getClaimDetails","line":754,"loc":{"start":{"line":754,"column":4},"end":{"line":775,"column":4}}},"22":{"name":"uint2str","line":781,"loc":{"start":{"line":781,"column":4},"end":{"line":783,"column":4}}}},"statementMap":{"1":{"start":{"line":203,"column":8},"end":{"line":203,"column":49}},"2":{"start":{"line":204,"column":8},"end":{"line":204,"column":41}},"3":{"start":{"line":206,"column":8},"end":{"line":206,"column":37}},"4":{"start":{"line":220,"column":8},"end":{"line":220,"column":57}},"5":{"start":{"line":223,"column":8},"end":{"line":223,"column":9362}},"6":{"start":{"line":224,"column":12},"end":{"line":224,"column":58}},"7":{"start":{"line":228,"column":8},"end":{"line":228,"column":50}},"8":{"start":{"line":235,"column":8},"end":{"line":235,"column":78}},"9":{"start":{"line":236,"column":8},"end":{"line":236,"column":86}},"10":{"start":{"line":238,"column":8},"end":{"line":238,"column":36}},"11":{"start":{"line":240,"column":8},"end":{"line":240,"column":10093}},"12":{"start":{"line":241,"column":12},"end":{"line":241,"column":60}},"13":{"start":{"line":242,"column":12},"end":{"line":242,"column":10239}},"14":{"start":{"line":248,"column":8},"end":{"line":248,"column":74}},"15":{"start":{"line":252,"column":8},"end":{"line":252,"column":10519}},"16":{"start":{"line":253,"column":12},"end":{"line":253,"column":59}},"17":{"start":{"line":257,"column":8},"end":{"line":257,"column":44}},"18":{"start":{"line":259,"column":8},"end":{"line":259,"column":50}},"19":{"start":{"line":286,"column":8},"end":{"line":286,"column":78}},"20":{"start":{"line":287,"column":8},"end":{"line":287,"column":66}},"21":{"start":{"line":288,"column":8},"end":{"line":288,"column":61}},"22":{"start":{"line":289,"column":8},"end":{"line":289,"column":78}},"23":{"start":{"line":290,"column":8},"end":{"line":290,"column":59}},"24":{"start":{"line":291,"column":8},"end":{"line":291,"column":99}},"25":{"start":{"line":293,"column":8},"end":{"line":293,"column":42}},"26":{"start":{"line":312,"column":8},"end":{"line":312,"column":51}},"27":{"start":{"line":314,"column":8},"end":{"line":314,"column":57}},"28":{"start":{"line":329,"column":8},"end":{"line":329,"column":67}},"29":{"start":{"line":330,"column":8},"end":{"line":330,"column":56}},"30":{"start":{"line":332,"column":8},"end":{"line":332,"column":98}},"31":{"start":{"line":333,"column":8},"end":{"line":333,"column":68}},"32":{"start":{"line":334,"column":8},"end":{"line":334,"column":97}},"33":{"start":{"line":340,"column":8},"end":{"line":340,"column":51}},"34":{"start":{"line":348,"column":8},"end":{"line":348,"column":104}},"35":{"start":{"line":349,"column":8},"end":{"line":349,"column":67}},"36":{"start":{"line":350,"column":8},"end":{"line":350,"column":78}},"37":{"start":{"line":354,"column":8},"end":{"line":354,"column":70}},"38":{"start":{"line":365,"column":8},"end":{"line":365,"column":66}},"39":{"start":{"line":366,"column":8},"end":{"line":366,"column":56}},"40":{"start":{"line":368,"column":8},"end":{"line":368,"column":54}},"41":{"start":{"line":369,"column":8},"end":{"line":369,"column":66}},"42":{"start":{"line":370,"column":8},"end":{"line":370,"column":84}},"43":{"start":{"line":371,"column":8},"end":{"line":371,"column":70}},"44":{"start":{"line":372,"column":8},"end":{"line":372,"column":69}},"45":{"start":{"line":374,"column":8},"end":{"line":374,"column":72}},"46":{"start":{"line":375,"column":8},"end":{"line":375,"column":57}},"47":{"start":{"line":377,"column":8},"end":{"line":377,"column":15968}},"48":{"start":{"line":381,"column":8},"end":{"line":381,"column":101}},"49":{"start":{"line":383,"column":8},"end":{"line":383,"column":75}},"50":{"start":{"line":384,"column":8},"end":{"line":384,"column":56}},"51":{"start":{"line":386,"column":8},"end":{"line":386,"column":50}},"52":{"start":{"line":388,"column":8},"end":{"line":388,"column":40}},"53":{"start":{"line":403,"column":8},"end":{"line":403,"column":46}},"54":{"start":{"line":407,"column":8},"end":{"line":407,"column":60}},"55":{"start":{"line":414,"column":8},"end":{"line":414,"column":64}},"56":{"start":{"line":415,"column":8},"end":{"line":415,"column":51}},"57":{"start":{"line":417,"column":8},"end":{"line":417,"column":69}},"58":{"start":{"line":418,"column":8},"end":{"line":418,"column":73}},"59":{"start":{"line":420,"column":8},"end":{"line":420,"column":65}},"60":{"start":{"line":421,"column":8},"end":{"line":421,"column":33}},"61":{"start":{"line":423,"column":8},"end":{"line":423,"column":17697}},"62":{"start":{"line":427,"column":8},"end":{"line":427,"column":72}},"63":{"start":{"line":428,"column":8},"end":{"line":428,"column":87}},"64":{"start":{"line":431,"column":8},"end":{"line":431,"column":58}},"65":{"start":{"line":438,"column":8},"end":{"line":438,"column":64}},"66":{"start":{"line":439,"column":8},"end":{"line":439,"column":51}},"67":{"start":{"line":441,"column":8},"end":{"line":441,"column":74}},"68":{"start":{"line":442,"column":8},"end":{"line":442,"column":120}},"69":{"start":{"line":443,"column":8},"end":{"line":443,"column":75}},"70":{"start":{"line":444,"column":8},"end":{"line":444,"column":66}},"71":{"start":{"line":446,"column":8},"end":{"line":446,"column":62}},"72":{"start":{"line":447,"column":8},"end":{"line":447,"column":57}},"73":{"start":{"line":449,"column":8},"end":{"line":449,"column":60}},"74":{"start":{"line":450,"column":8},"end":{"line":450,"column":73}},"75":{"start":{"line":451,"column":8},"end":{"line":451,"column":56}},"76":{"start":{"line":453,"column":8},"end":{"line":453,"column":50}},"77":{"start":{"line":469,"column":8},"end":{"line":469,"column":64}},"78":{"start":{"line":470,"column":8},"end":{"line":470,"column":51}},"79":{"start":{"line":472,"column":8},"end":{"line":472,"column":74}},"80":{"start":{"line":474,"column":8},"end":{"line":474,"column":73}},"81":{"start":{"line":475,"column":8},"end":{"line":475,"column":66}},"82":{"start":{"line":476,"column":8},"end":{"line":476,"column":73}},"83":{"start":{"line":478,"column":8},"end":{"line":478,"column":38}},"84":{"start":{"line":491,"column":8},"end":{"line":491,"column":45}},"85":{"start":{"line":493,"column":8},"end":{"line":493,"column":59}},"86":{"start":{"line":501,"column":8},"end":{"line":501,"column":51}},"87":{"start":{"line":502,"column":8},"end":{"line":502,"column":62}},"88":{"start":{"line":504,"column":8},"end":{"line":504,"column":21126}},"89":{"start":{"line":510,"column":8},"end":{"line":510,"column":31}},"90":{"start":{"line":512,"column":8},"end":{"line":512,"column":21402}},"91":{"start":{"line":513,"column":13},"end":{"line":513,"column":21499}},"92":{"start":{"line":514,"column":13},"end":{"line":514,"column":87}},"93":{"start":{"line":516,"column":8},"end":{"line":516,"column":57}},"94":{"start":{"line":517,"column":8},"end":{"line":517,"column":39}},"95":{"start":{"line":518,"column":8},"end":{"line":518,"column":55}},"96":{"start":{"line":520,"column":8},"end":{"line":520,"column":69}},"97":{"start":{"line":525,"column":8},"end":{"line":525,"column":55}},"98":{"start":{"line":533,"column":8},"end":{"line":533,"column":56}},"99":{"start":{"line":534,"column":8},"end":{"line":534,"column":50}},"100":{"start":{"line":536,"column":8},"end":{"line":536,"column":73}},"101":{"start":{"line":537,"column":8},"end":{"line":537,"column":78}},"102":{"start":{"line":539,"column":8},"end":{"line":539,"column":62}},"103":{"start":{"line":541,"column":8},"end":{"line":541,"column":69}},"104":{"start":{"line":543,"column":8},"end":{"line":543,"column":23}},"105":{"start":{"line":544,"column":8},"end":{"line":544,"column":26}},"106":{"start":{"line":545,"column":8},"end":{"line":545,"column":22865}},"107":{"start":{"line":546,"column":12},"end":{"line":546,"column":22922}},"108":{"start":{"line":552,"column":8},"end":{"line":552,"column":48}},"109":{"start":{"line":556,"column":8},"end":{"line":556,"column":23264}},"110":{"start":{"line":560,"column":8},"end":{"line":560,"column":23403}},"111":{"start":{"line":561,"column":12},"end":{"line":561,"column":50}},"112":{"start":{"line":563,"column":12},"end":{"line":563,"column":98}},"113":{"start":{"line":575,"column":12},"end":{"line":575,"column":62}},"114":{"start":{"line":577,"column":12},"end":{"line":577,"column":77}},"115":{"start":{"line":578,"column":12},"end":{"line":578,"column":84}},"116":{"start":{"line":586,"column":12},"end":{"line":586,"column":77}},"117":{"start":{"line":596,"column":8},"end":{"line":596,"column":60}},"118":{"start":{"line":608,"column":8},"end":{"line":608,"column":60}},"119":{"start":{"line":609,"column":8},"end":{"line":609,"column":55}},"120":{"start":{"line":610,"column":8},"end":{"line":610,"column":62}},"121":{"start":{"line":620,"column":8},"end":{"line":620,"column":60}},"122":{"start":{"line":621,"column":8},"end":{"line":621,"column":64}},"123":{"start":{"line":630,"column":8},"end":{"line":630,"column":60}},"124":{"start":{"line":632,"column":8},"end":{"line":632,"column":39}},"125":{"start":{"line":633,"column":8},"end":{"line":633,"column":55}},"126":{"start":{"line":634,"column":8},"end":{"line":634,"column":69}},"127":{"start":{"line":636,"column":8},"end":{"line":636,"column":57}},"128":{"start":{"line":637,"column":8},"end":{"line":637,"column":42}},"129":{"start":{"line":644,"column":8},"end":{"line":644,"column":42}},"130":{"start":{"line":651,"column":8},"end":{"line":651,"column":34}},"131":{"start":{"line":684,"column":8},"end":{"line":684,"column":67}},"132":{"start":{"line":685,"column":8},"end":{"line":685,"column":56}},"133":{"start":{"line":687,"column":8},"end":{"line":687,"column":28668}},"134":{"start":{"line":728,"column":8},"end":{"line":728,"column":64}},"135":{"start":{"line":729,"column":8},"end":{"line":729,"column":51}},"136":{"start":{"line":731,"column":8},"end":{"line":731,"column":30285}},"137":{"start":{"line":763,"column":8},"end":{"line":763,"column":61}},"138":{"start":{"line":764,"column":8},"end":{"line":764,"column":46}},"139":{"start":{"line":766,"column":8},"end":{"line":766,"column":31550}},"140":{"start":{"line":782,"column":8},"end":{"line":782,"column":35}}},"branchMap":{"1":{"line":220,"type":"if","locations":[{"start":{"line":220,"column":8},"end":{"line":220,"column":8}},{"start":{"line":220,"column":8},"end":{"line":220,"column":8}}]},"2":{"line":223,"type":"if","locations":[{"start":{"line":223,"column":8},"end":{"line":223,"column":8}},{"start":{"line":223,"column":8},"end":{"line":223,"column":8}}]},"3":{"line":234,"type":"if","locations":[{"start":{"line":234,"column":57},"end":{"line":234,"column":57}},{"start":{"line":234,"column":57},"end":{"line":234,"column":57}}]},"4":{"line":235,"type":"if","locations":[{"start":{"line":235,"column":8},"end":{"line":235,"column":8}},{"start":{"line":235,"column":8},"end":{"line":235,"column":8}}]},"5":{"line":236,"type":"if","locations":[{"start":{"line":236,"column":8},"end":{"line":236,"column":8}},{"start":{"line":236,"column":8},"end":{"line":236,"column":8}}]},"6":{"line":242,"type":"if","locations":[{"start":{"line":242,"column":12},"end":{"line":242,"column":12}},{"start":{"line":242,"column":12},"end":{"line":242,"column":12}}]},"7":{"line":248,"type":"if","locations":[{"start":{"line":248,"column":8},"end":{"line":248,"column":8}},{"start":{"line":248,"column":8},"end":{"line":248,"column":8}}]},"8":{"line":252,"type":"if","locations":[{"start":{"line":252,"column":8},"end":{"line":252,"column":8}},{"start":{"line":252,"column":8},"end":{"line":252,"column":8}}]},"9":{"line":286,"type":"if","locations":[{"start":{"line":286,"column":8},"end":{"line":286,"column":8}},{"start":{"line":286,"column":8},"end":{"line":286,"column":8}}]},"10":{"line":287,"type":"if","locations":[{"start":{"line":287,"column":8},"end":{"line":287,"column":8}},{"start":{"line":287,"column":8},"end":{"line":287,"column":8}}]},"11":{"line":288,"type":"if","locations":[{"start":{"line":288,"column":8},"end":{"line":288,"column":8}},{"start":{"line":288,"column":8},"end":{"line":288,"column":8}}]},"12":{"line":289,"type":"if","locations":[{"start":{"line":289,"column":8},"end":{"line":289,"column":8}},{"start":{"line":289,"column":8},"end":{"line":289,"column":8}}]},"13":{"line":290,"type":"if","locations":[{"start":{"line":290,"column":8},"end":{"line":290,"column":8}},{"start":{"line":290,"column":8},"end":{"line":290,"column":8}}]},"14":{"line":291,"type":"if","locations":[{"start":{"line":291,"column":8},"end":{"line":291,"column":8}},{"start":{"line":291,"column":8},"end":{"line":291,"column":8}}]},"15":{"line":329,"type":"if","locations":[{"start":{"line":329,"column":8},"end":{"line":329,"column":8}},{"start":{"line":329,"column":8},"end":{"line":329,"column":8}}]},"16":{"line":332,"type":"if","locations":[{"start":{"line":332,"column":8},"end":{"line":332,"column":8}},{"start":{"line":332,"column":8},"end":{"line":332,"column":8}}]},"17":{"line":332,"type":"cond-expr","locations":[{"start":{"line":332,"column":16},"end":{"line":332,"column":45}},{"start":{"line":332,"column":50},"end":{"line":332,"column":81}}]},"18":{"line":333,"type":"if","locations":[{"start":{"line":333,"column":8},"end":{"line":333,"column":8}},{"start":{"line":333,"column":8},"end":{"line":333,"column":8}}]},"19":{"line":334,"type":"if","locations":[{"start":{"line":334,"column":8},"end":{"line":334,"column":8}},{"start":{"line":334,"column":8},"end":{"line":334,"column":8}}]},"20":{"line":348,"type":"if","locations":[{"start":{"line":348,"column":8},"end":{"line":348,"column":8}},{"start":{"line":348,"column":8},"end":{"line":348,"column":8}}]},"21":{"line":349,"type":"if","locations":[{"start":{"line":349,"column":8},"end":{"line":349,"column":8}},{"start":{"line":349,"column":8},"end":{"line":349,"column":8}}]},"22":{"line":350,"type":"if","locations":[{"start":{"line":350,"column":8},"end":{"line":350,"column":8}},{"start":{"line":350,"column":8},"end":{"line":350,"column":8}}]},"23":{"line":364,"type":"if","locations":[{"start":{"line":364,"column":23},"end":{"line":364,"column":23}},{"start":{"line":364,"column":23},"end":{"line":364,"column":23}}]},"24":{"line":365,"type":"if","locations":[{"start":{"line":365,"column":8},"end":{"line":365,"column":8}},{"start":{"line":365,"column":8},"end":{"line":365,"column":8}}]},"25":{"line":368,"type":"if","locations":[{"start":{"line":368,"column":8},"end":{"line":368,"column":8}},{"start":{"line":368,"column":8},"end":{"line":368,"column":8}}]},"26":{"line":369,"type":"if","locations":[{"start":{"line":369,"column":8},"end":{"line":369,"column":8}},{"start":{"line":369,"column":8},"end":{"line":369,"column":8}}]},"27":{"line":370,"type":"if","locations":[{"start":{"line":370,"column":8},"end":{"line":370,"column":8}},{"start":{"line":370,"column":8},"end":{"line":370,"column":8}}]},"28":{"line":371,"type":"if","locations":[{"start":{"line":371,"column":8},"end":{"line":371,"column":8}},{"start":{"line":371,"column":8},"end":{"line":371,"column":8}}]},"29":{"line":372,"type":"if","locations":[{"start":{"line":372,"column":8},"end":{"line":372,"column":8}},{"start":{"line":372,"column":8},"end":{"line":372,"column":8}}]},"30":{"line":377,"type":"if","locations":[{"start":{"line":377,"column":8},"end":{"line":377,"column":8}},{"start":{"line":377,"column":8},"end":{"line":377,"column":8}}]},"31":{"line":381,"type":"if","locations":[{"start":{"line":381,"column":8},"end":{"line":381,"column":8}},{"start":{"line":381,"column":8},"end":{"line":381,"column":8}}]},"32":{"line":414,"type":"if","locations":[{"start":{"line":414,"column":8},"end":{"line":414,"column":8}},{"start":{"line":414,"column":8},"end":{"line":414,"column":8}}]},"33":{"line":417,"type":"if","locations":[{"start":{"line":417,"column":8},"end":{"line":417,"column":8}},{"start":{"line":417,"column":8},"end":{"line":417,"column":8}}]},"34":{"line":418,"type":"if","locations":[{"start":{"line":418,"column":8},"end":{"line":418,"column":8}},{"start":{"line":418,"column":8},"end":{"line":418,"column":8}}]},"35":{"line":423,"type":"if","locations":[{"start":{"line":423,"column":8},"end":{"line":423,"column":8}},{"start":{"line":423,"column":8},"end":{"line":423,"column":8}}]},"36":{"line":438,"type":"if","locations":[{"start":{"line":438,"column":8},"end":{"line":438,"column":8}},{"start":{"line":438,"column":8},"end":{"line":438,"column":8}}]},"37":{"line":441,"type":"if","locations":[{"start":{"line":441,"column":8},"end":{"line":441,"column":8}},{"start":{"line":441,"column":8},"end":{"line":441,"column":8}}]},"38":{"line":442,"type":"if","locations":[{"start":{"line":442,"column":8},"end":{"line":442,"column":8}},{"start":{"line":442,"column":8},"end":{"line":442,"column":8}}]},"39":{"line":442,"type":"cond-expr","locations":[{"start":{"line":442,"column":16},"end":{"line":442,"column":51}},{"start":{"line":442,"column":56},"end":{"line":442,"column":92}}]},"40":{"line":443,"type":"if","locations":[{"start":{"line":443,"column":8},"end":{"line":443,"column":8}},{"start":{"line":443,"column":8},"end":{"line":443,"column":8}}]},"41":{"line":444,"type":"if","locations":[{"start":{"line":444,"column":8},"end":{"line":444,"column":8}},{"start":{"line":444,"column":8},"end":{"line":444,"column":8}}]},"42":{"line":447,"type":"if","locations":[{"start":{"line":447,"column":8},"end":{"line":447,"column":8}},{"start":{"line":447,"column":8},"end":{"line":447,"column":8}}]},"43":{"line":469,"type":"if","locations":[{"start":{"line":469,"column":8},"end":{"line":469,"column":8}},{"start":{"line":469,"column":8},"end":{"line":469,"column":8}}]},"44":{"line":472,"type":"if","locations":[{"start":{"line":472,"column":8},"end":{"line":472,"column":8}},{"start":{"line":472,"column":8},"end":{"line":472,"column":8}}]},"45":{"line":474,"type":"if","locations":[{"start":{"line":474,"column":8},"end":{"line":474,"column":8}},{"start":{"line":474,"column":8},"end":{"line":474,"column":8}}]},"46":{"line":475,"type":"if","locations":[{"start":{"line":475,"column":8},"end":{"line":475,"column":8}},{"start":{"line":475,"column":8},"end":{"line":475,"column":8}}]},"47":{"line":476,"type":"if","locations":[{"start":{"line":476,"column":8},"end":{"line":476,"column":8}},{"start":{"line":476,"column":8},"end":{"line":476,"column":8}}]},"48":{"line":512,"type":"if","locations":[{"start":{"line":512,"column":8},"end":{"line":512,"column":8}},{"start":{"line":512,"column":8},"end":{"line":512,"column":8}}]},"49":{"line":513,"type":"if","locations":[{"start":{"line":513,"column":13},"end":{"line":513,"column":13}},{"start":{"line":513,"column":13},"end":{"line":513,"column":13}}]},"50":{"line":514,"type":"if","locations":[{"start":{"line":514,"column":13},"end":{"line":514,"column":13}},{"start":{"line":514,"column":13},"end":{"line":514,"column":13}}]},"51":{"line":532,"type":"if","locations":[{"start":{"line":532,"column":82},"end":{"line":532,"column":82}},{"start":{"line":532,"column":82},"end":{"line":532,"column":82}}]},"52":{"line":536,"type":"if","locations":[{"start":{"line":536,"column":8},"end":{"line":536,"column":8}},{"start":{"line":536,"column":8},"end":{"line":536,"column":8}}]},"53":{"line":537,"type":"if","locations":[{"start":{"line":537,"column":8},"end":{"line":537,"column":8}},{"start":{"line":537,"column":8},"end":{"line":537,"column":8}}]},"54":{"line":546,"type":"if","locations":[{"start":{"line":546,"column":12},"end":{"line":546,"column":12}},{"start":{"line":546,"column":12},"end":{"line":546,"column":12}}]},"55":{"line":552,"type":"if","locations":[{"start":{"line":552,"column":8},"end":{"line":552,"column":8}},{"start":{"line":552,"column":8},"end":{"line":552,"column":8}}]},"56":{"line":557,"type":"if","locations":[{"start":{"line":557,"column":12},"end":{"line":557,"column":53}},{"start":{"line":558,"column":12},"end":{"line":558,"column":53}}]},"57":{"line":560,"type":"if","locations":[{"start":{"line":560,"column":8},"end":{"line":560,"column":8}},{"start":{"line":560,"column":8},"end":{"line":560,"column":8}}]},"58":{"line":563,"type":"if","locations":[{"start":{"line":563,"column":12},"end":{"line":563,"column":12}},{"start":{"line":563,"column":12},"end":{"line":563,"column":12}}]},"59":{"line":596,"type":"if","locations":[{"start":{"line":596,"column":8},"end":{"line":596,"column":8}},{"start":{"line":596,"column":8},"end":{"line":596,"column":8}}]},"60":{"line":608,"type":"if","locations":[{"start":{"line":608,"column":8},"end":{"line":608,"column":8}},{"start":{"line":608,"column":8},"end":{"line":608,"column":8}}]},"61":{"line":609,"type":"if","locations":[{"start":{"line":609,"column":8},"end":{"line":609,"column":8}},{"start":{"line":609,"column":8},"end":{"line":609,"column":8}}]},"62":{"line":610,"type":"if","locations":[{"start":{"line":610,"column":8},"end":{"line":610,"column":8}},{"start":{"line":610,"column":8},"end":{"line":610,"column":8}}]},"63":{"line":620,"type":"if","locations":[{"start":{"line":620,"column":8},"end":{"line":620,"column":8}},{"start":{"line":620,"column":8},"end":{"line":620,"column":8}}]},"64":{"line":621,"type":"if","locations":[{"start":{"line":621,"column":8},"end":{"line":621,"column":8}},{"start":{"line":621,"column":8},"end":{"line":621,"column":8}}]},"65":{"line":630,"type":"if","locations":[{"start":{"line":630,"column":8},"end":{"line":630,"column":8}},{"start":{"line":630,"column":8},"end":{"line":630,"column":8}}]},"66":{"line":634,"type":"if","locations":[{"start":{"line":634,"column":8},"end":{"line":634,"column":8}},{"start":{"line":634,"column":8},"end":{"line":634,"column":8}}]},"67":{"line":637,"type":"if","locations":[{"start":{"line":637,"column":8},"end":{"line":637,"column":8}},{"start":{"line":637,"column":8},"end":{"line":637,"column":8}}]},"68":{"line":684,"type":"if","locations":[{"start":{"line":684,"column":8},"end":{"line":684,"column":8}},{"start":{"line":684,"column":8},"end":{"line":684,"column":8}}]},"69":{"line":728,"type":"if","locations":[{"start":{"line":728,"column":8},"end":{"line":728,"column":8}},{"start":{"line":728,"column":8},"end":{"line":728,"column":8}}]},"70":{"line":763,"type":"if","locations":[{"start":{"line":763,"column":8},"end":{"line":763,"column":8}},{"start":{"line":763,"column":8},"end":{"line":763,"column":8}}]}}},
"contracts/mockLinkToken.sol":{"l":{"8":32,"20":13,"22":13,"23":12,"32":12,"33":12,"37":1},"path":"/home/spericorn/Ajay/WeatherSure_WeatherBasedInsurance/contracts/mockLinkToken.sol","s":{"1":32,"2":13,"3":12,"4":12,"5":12,"6":1},"b":{"1":[12,1],"2":[12,0]},"f":{"1":32,"2":13},"fnMap":{"1":{"name":"constructor","line":7,"loc":{"start":{"line":7,"column":4},"end":{"line":9,"column":4}}},"2":{"name":"transferAndCall","line":11,"loc":{"start":{"line":11,"column":4},"end":{"line":38,"column":4}}}},"statementMap":{"1":{"start":{"line":8,"column":8},"end":{"line":8,"column":40}},"2":{"start":{"line":22,"column":8},"end":{"line":22,"column":547}},"3":{"start":{"line":23,"column":12},"end":{"line":23,"column":602}},"4":{"start":{"line":32,"column":12},"end":{"line":32,"column":881}},"5":{"start":{"line":33,"column":16},"end":{"line":33,"column":30}},"6":{"start":{"line":37,"column":8},"end":{"line":37,"column":22}}},"branchMap":{"1":{"line":22,"type":"if","locations":[{"start":{"line":22,"column":8},"end":{"line":22,"column":8}},{"start":{"line":22,"column":8},"end":{"line":22,"column":8}}]},"2":{"line":32,"type":"if","locations":[{"start":{"line":32,"column":12},"end":{"line":32,"column":12}},{"start":{"line":32,"column":12},"end":{"line":32,"column":12}}]}}},
"contracts/mockOracle.sol":{"l":{"18":32,"26":12,"28":12,"31":0,"36":0,"37":0,"44":1,"46":1,"47":1,"49":1,"50":1,"52":0,"55":1,"59":1,"60":1,"63":1,"73":9,"75":9,"76":9,"79":9},"path":"/home/spericorn/Ajay/WeatherSure_WeatherBasedInsurance/contracts/mockOracle.sol","s":{"1":12,"2":12,"3":0,"4":0,"5":1,"6":1,"7":1,"8":1,"9":1,"10":1,"11":1,"12":1,"13":9,"14":9,"15":9,"16":9},"b":{"1":[12,0],"2":[1,0],"3":[1,0],"4":[9,0]},"f":{"1":32,"2":12,"3":1,"4":9},"fnMap":{"1":{"name":"constructor","line":17,"loc":{"start":{"line":17,"column":4},"end":{"line":19,"column":4}}},"2":{"name":"onTokenTransfer","line":21,"loc":{"start":{"line":21,"column":4},"end":{"line":38,"column":4}}},"3":{"name":"fulfillOracleRequest","line":40,"loc":{"start":{"line":40,"column":4},"end":{"line":64,"column":4}}},"4":{"name":"fulfillOracleRequest","line":66,"loc":{"start":{"line":66,"column":4},"end":{"line":80,"column":4}}}},"statementMap":{"1":{"start":{"line":26,"column":8},"end":{"line":26,"column":66}},"2":{"start":{"line":28,"column":8},"end":{"line":28,"column":740}},"3":{"start":{"line":36,"column":8},"end":{"line":36,"column":42}},"4":{"start":{"line":37,"column":8},"end":{"line":37,"column":19}},"5":{"start":{"line":44,"column":8},"end":{"line":44,"column":88}},"6":{"start":{"line":46,"column":8},"end":{"line":46,"column":53}},"7":{"start":{"line":47,"column":8},"end":{"line":47,"column":57}},"8":{"start":{"line":49,"column":8},"end":{"line":49,"column":1427}},"9":{"start":{"line":55,"column":8},"end":{"line":55,"column":1592}},"10":{"start":{"line":59,"column":8},"end":{"line":59,"column":1740}},"11":{"start":{"line":60,"column":12},"end":{"line":60,"column":47}},"12":{"start":{"line":63,"column":8},"end":{"line":63,"column":22}},"13":{"start":{"line":73,"column":8},"end":{"line":73,"column":94}},"14":{"start":{"line":75,"column":8},"end":{"line":75,"column":2194}},"15":{"start":{"line":76,"column":12},"end":{"line":76,"column":47}},"16":{"start":{"line":79,"column":8},"end":{"line":79,"column":22}}},"branchMap":{"1":{"line":26,"type":"if","locations":[{"start":{"line":26,"column":8},"end":{"line":26,"column":8}},{"start":{"line":26,"column":8},"end":{"line":26,"column":8}}]},"2":{"line":49,"type":"if","locations":[{"start":{"line":49,"column":8},"end":{"line":49,"column":8}},{"start":{"line":49,"column":8},"end":{"line":49,"column":8}}]},"3":{"line":59,"type":"if","locations":[{"start":{"line":59,"column":8},"end":{"line":59,"column":8}},{"start":{"line":59,"column":8},"end":{"line":59,"column":8}}]},"4":{"line":75,"type":"if","locations":[{"start":{"line":75,"column":8},"end":{"line":75,"column":8}},{"start":{"line":75,"column":8},"end":{"line":75,"column":8}}]}}}}
