TN:
SF:/home/spericorn/Ajay/WeatherSure_WeatherBasedInsurance/contracts/insurance.sol
FN:197,constructor
FN:219,stakeAsProvider
FN:234,unstakeAsProvider
FN:274,createInsuranceProduct
FN:323,updateInsuranceProduct
FN:347,updateRisk
FN:364,purchasePolicy
FN:413,cancelPolicy
FN:437,renewPolicy
FN:468,submitClaim
FN:500,requestWeatherData
FN:532,fetchWeatherData
FN:595,updateOracleParameters
FN:607,updatePlatformFee
FN:619,updateProviderMinimumStake
FN:629,withdrawLink
FN:643,getProviderProducts
FN:650,getUserPolicy
FN:669,getProductDetails
FN:716,getPolicyDetails
FN:754,getClaimDetails
FN:781,uint2str
FNF:22
FNH:22
FNDA:38,constructor
FNDA:66,stakeAsProvider
FNDA:12,unstakeAsProvider
FNDA:86,createInsuranceProduct
FNDA:9,updateInsuranceProduct
FNDA:8,updateRisk
FNDA:58,purchasePolicy
FNDA:7,cancelPolicy
FNDA:9,renewPolicy
FNDA:16,submitClaim
FNDA:12,requestWeatherData
FNDA:9,fetchWeatherData
FNDA:2,updateOracleParameters
FNDA:4,updatePlatformFee
FNDA:4,updateProviderMinimumStake
FNDA:3,withdrawLink
FNDA:4,getProviderProducts
FNDA:3,getUserPolicy
FNDA:2,getProductDetails
FNDA:2,getPolicyDetails
FNDA:2,getClaimDetails
FNDA:13,uint2str
DA:203,38
DA:204,38
DA:206,38
DA:207,38
DA:208,38
DA:209,38
DA:210,38
DA:212,38
DA:213,38
DA:214,38
DA:220,66
DA:221,66
DA:223,66
DA:224,64
DA:225,64
DA:228,66
DA:235,12
DA:236,11
DA:238,9
DA:240,9
DA:241,1
DA:242,1
DA:243,1
DA:244,1
DA:248,9
DA:250,8
DA:252,8
DA:253,5
DA:254,5
DA:257,8
DA:259,8
DA:286,86
DA:287,84
DA:288,84
DA:289,83
DA:290,82
DA:291,81
DA:293,80
DA:295,80
DA:312,80
DA:314,80
DA:329,9
DA:330,8
DA:332,8
DA:333,7
DA:334,6
DA:336,5
DA:337,5
DA:338,5
DA:340,5
DA:348,8
DA:349,7
DA:350,6
DA:352,4
DA:354,4
DA:365,58
DA:366,57
DA:368,57
DA:369,56
DA:370,55
DA:371,54
DA:372,53
DA:374,52
DA:375,52
DA:377,52
DA:378,2
DA:381,52
DA:383,51
DA:384,51
DA:386,51
DA:388,51
DA:389,51
DA:403,51
DA:405,51
DA:407,51
DA:414,7
DA:415,6
DA:417,6
DA:418,5
DA:420,4
DA:421,4
DA:423,4
DA:424,4
DA:427,4
DA:428,4
DA:430,4
DA:431,4
DA:438,9
DA:439,8
DA:441,8
DA:442,7
DA:443,7
DA:444,6
DA:446,5
DA:447,5
DA:449,4
DA:450,4
DA:451,4
DA:453,4
DA:455,4
DA:456,4
DA:457,4
DA:458,4
DA:459,4
DA:460,4
DA:462,4
DA:469,16
DA:470,15
DA:472,15
DA:474,14
DA:475,14
DA:476,13
DA:478,12
DA:479,12
DA:489,12
DA:491,12
DA:493,12
DA:501,12
DA:502,12
DA:504,12
DA:510,12
DA:512,12
DA:516,12
DA:517,12
DA:518,12
DA:520,12
DA:522,12
DA:523,12
DA:525,12
DA:533,9
DA:534,9
DA:536,9
DA:537,9
DA:539,9
DA:541,9
DA:543,9
DA:544,9
DA:545,9
DA:546,10
DA:547,9
DA:548,9
DA:549,9
DA:552,9
DA:554,9
DA:556,9
DA:560,9
DA:561,6
DA:563,6
DA:565,6
DA:566,6
DA:567,6
DA:568,6
DA:570,6
DA:571,6
DA:573,6
DA:575,6
DA:577,6
DA:578,6
DA:580,3
DA:581,3
DA:582,3
DA:584,3
DA:586,3
DA:596,2
DA:598,1
DA:599,1
DA:600,1
DA:608,4
DA:609,3
DA:610,2
DA:612,1
DA:613,1
DA:620,4
DA:621,3
DA:623,2
DA:630,3
DA:632,2
DA:633,2
DA:634,2
DA:636,1
DA:637,1
DA:644,4
DA:651,3
DA:684,2
DA:685,1
DA:687,1
DA:728,2
DA:729,1
DA:731,1
DA:763,2
DA:764,1
DA:766,1
DA:782,13
LF:193
LH:193
BRDA:220,1,0,66
BRDA:220,1,1,0
BRDA:223,2,0,64
BRDA:223,2,1,2
BRDA:234,3,0,12
BRDA:234,3,1,0
BRDA:235,4,0,11
BRDA:235,4,1,1
BRDA:236,5,0,9
BRDA:236,5,1,2
BRDA:242,6,0,1
BRDA:242,6,1,0
BRDA:248,7,0,8
BRDA:248,7,1,1
BRDA:252,8,0,5
BRDA:252,8,1,3
BRDA:286,9,0,84
BRDA:286,9,1,2
BRDA:287,10,0,84
BRDA:287,10,1,0
BRDA:288,11,0,83
BRDA:288,11,1,1
BRDA:289,12,0,82
BRDA:289,12,1,1
BRDA:290,13,0,81
BRDA:290,13,1,1
BRDA:291,14,0,80
BRDA:291,14,1,1
BRDA:329,15,0,8
BRDA:329,15,1,1
BRDA:332,16,0,7
BRDA:332,16,1,1
BRDA:332,17,0,6
BRDA:332,17,1,1
BRDA:333,18,0,6
BRDA:333,18,1,1
BRDA:334,19,0,5
BRDA:334,19,1,1
BRDA:348,20,0,7
BRDA:348,20,1,1
BRDA:349,21,0,6
BRDA:349,21,1,1
BRDA:350,22,0,4
BRDA:350,22,1,2
BRDA:364,23,0,58
BRDA:364,23,1,0
BRDA:365,24,0,57
BRDA:365,24,1,1
BRDA:368,25,0,56
BRDA:368,25,1,1
BRDA:369,26,0,55
BRDA:369,26,1,1
BRDA:370,27,0,54
BRDA:370,27,1,1
BRDA:371,28,0,53
BRDA:371,28,1,1
BRDA:372,29,0,52
BRDA:372,29,1,1
BRDA:377,30,0,2
BRDA:377,30,1,50
BRDA:381,31,0,51
BRDA:381,31,1,1
BRDA:414,32,0,6
BRDA:414,32,1,1
BRDA:417,33,0,5
BRDA:417,33,1,1
BRDA:418,34,0,4
BRDA:418,34,1,1
BRDA:423,35,0,4
BRDA:423,35,1,0
BRDA:438,36,0,8
BRDA:438,36,1,1
BRDA:441,37,0,7
BRDA:441,37,1,1
BRDA:442,38,0,7
BRDA:442,38,1,0
BRDA:442,39,0,7
BRDA:442,39,1,0
BRDA:443,40,0,6
BRDA:443,40,1,1
BRDA:444,41,0,5
BRDA:444,41,1,1
BRDA:447,42,0,4
BRDA:447,42,1,1
BRDA:469,43,0,15
BRDA:469,43,1,1
BRDA:472,44,0,14
BRDA:472,44,1,1
BRDA:474,45,0,14
BRDA:474,45,1,0
BRDA:475,46,0,13
BRDA:475,46,1,1
BRDA:476,47,0,12
BRDA:476,47,1,1
BRDA:512,48,0,12
BRDA:512,48,1,0
BRDA:513,49,0,0
BRDA:513,49,1,0
BRDA:514,50,0,0
BRDA:514,50,1,0
BRDA:532,51,0,9
BRDA:532,51,1,0
BRDA:536,52,0,9
BRDA:536,52,1,0
BRDA:537,53,0,9
BRDA:537,53,1,0
BRDA:546,54,0,9
BRDA:546,54,1,1
BRDA:552,55,0,9
BRDA:552,55,1,0
BRDA:557,56,0,8
BRDA:557,56,1,1
BRDA:560,57,0,6
BRDA:560,57,1,3
BRDA:563,58,0,6
BRDA:563,58,1,0
BRDA:596,59,0,1
BRDA:596,59,1,1
BRDA:608,60,0,3
BRDA:608,60,1,1
BRDA:609,61,0,2
BRDA:609,61,1,1
BRDA:610,62,0,1
BRDA:610,62,1,1
BRDA:620,63,0,3
BRDA:620,63,1,1
BRDA:621,64,0,2
BRDA:621,64,1,1
BRDA:630,65,0,2
BRDA:630,65,1,1
BRDA:634,66,0,1
BRDA:634,66,1,1
BRDA:637,67,0,1
BRDA:637,67,1,0
BRDA:684,68,0,1
BRDA:684,68,1,1
BRDA:728,69,0,1
BRDA:728,69,1,1
BRDA:763,70,0,1
BRDA:763,70,1,1
BRF:140
BRH:120
end_of_record
TN:
SF:/home/spericorn/Ajay/WeatherSure_WeatherBasedInsurance/contracts/mockLinkToken.sol
FN:7,constructor
FN:11,transferAndCall
FNF:2
FNH:2
FNDA:32,constructor
FNDA:13,transferAndCall
DA:8,32
DA:20,13
DA:22,13
DA:23,12
DA:32,12
DA:33,12
DA:37,1
LF:7
LH:7
BRDA:22,1,0,12
BRDA:22,1,1,1
BRDA:32,2,0,12
BRDA:32,2,1,0
BRF:4
BRH:3
end_of_record
TN:
SF:/home/spericorn/Ajay/WeatherSure_WeatherBasedInsurance/contracts/mockOracle.sol
FN:17,constructor
FN:21,onTokenTransfer
FN:40,fulfillOracleRequest
FN:66,fulfillOracleRequest
FNF:4
FNH:4
FNDA:32,constructor
FNDA:12,onTokenTransfer
FNDA:1,fulfillOracleRequest
FNDA:9,fulfillOracleRequest
DA:18,32
DA:26,12
DA:28,12
DA:31,0
DA:36,0
DA:37,0
DA:44,1
DA:46,1
DA:47,1
DA:49,1
DA:50,1
DA:52,0
DA:55,1
DA:59,1
DA:60,1
DA:63,1
DA:73,9
DA:75,9
DA:76,9
DA:79,9
LF:20
LH:16
BRDA:26,1,0,12
BRDA:26,1,1,0
BRDA:49,2,0,1
BRDA:49,2,1,0
BRDA:59,3,0,1
BRDA:59,3,1,0
BRDA:75,4,0,9
BRDA:75,4,1,0
BRF:8
BRH:4
end_of_record
