TN:
SF:/home/spericorn/Ajay/Weather_Based_Insurance/contracts/insurance.sol
FN:109,constructor
FN:129,stakeAsProvider
FN:141,unstakeAsProvider
FN:169,createInsuranceProduct
FN:212,updateInsuranceProduct
FN:232,updateRisk
FN:245,purchasePolicy
FN:292,cancelPolicy
FN:313,renewPolicy
FN:341,submitClaim
FN:369,requestWeatherData
FN:397,fetchWeatherData
FN:455,updateOracleParameters
FN:463,updatePlatformFee
FN:472,updateProviderMinimumStake
FN:479,withdrawLink
FN:490,getProviderProducts
FN:494,getUserPolicy
FN:498,getProductDetails
FN:533,getPolicyDetails
FN:562,getClaimDetails
FN:585,uint2str
FNF:22
FNH:22
FNDA:38,constructor
FNDA:66,stakeAsProvider
FNDA:12,unstakeAsProvider
FNDA:86,createInsuranceProduct
FNDA:9,updateInsuranceProduct
FNDA:8,updateRisk
FNDA:58,purchasePolicy
FNDA:7,cancelPolicy
FNDA:9,renewPolicy
FNDA:16,submitClaim
FNDA:12,requestWeatherData
FNDA:9,fetchWeatherData
FNDA:2,updateOracleParameters
FNDA:4,updatePlatformFee
FNDA:4,updateProviderMinimumStake
FNDA:3,withdrawLink
FNDA:4,getProviderProducts
FNDA:3,getUserPolicy
FNDA:2,getProductDetails
FNDA:2,getPolicyDetails
FNDA:2,getClaimDetails
FNDA:13,uint2str
DA:115,38
DA:116,38
DA:118,38
DA:119,38
DA:120,38
DA:121,38
DA:122,38
DA:124,38
DA:125,38
DA:126,38
DA:130,66
DA:131,66
DA:133,66
DA:134,64
DA:135,64
DA:138,66
DA:142,12
DA:143,11
DA:145,9
DA:147,9
DA:148,1
DA:149,1
DA:150,1
DA:151,1
DA:155,9
DA:157,8
DA:159,8
DA:160,5
DA:161,5
DA:164,8
DA:166,8
DA:181,86
DA:182,84
DA:183,84
DA:184,83
DA:185,82
DA:186,81
DA:188,80
DA:190,80
DA:207,80
DA:209,80
DA:218,9
DA:219,8
DA:221,8
DA:222,7
DA:223,6
DA:225,5
DA:226,5
DA:227,5
DA:229,5
DA:233,8
DA:234,7
DA:235,6
DA:237,4
DA:239,4
DA:246,58
DA:247,57
DA:249,57
DA:250,56
DA:251,55
DA:252,54
DA:253,53
DA:255,52
DA:256,52
DA:258,52
DA:259,2
DA:262,52
DA:264,51
DA:265,51
DA:267,51
DA:269,51
DA:270,51
DA:284,51
DA:286,51
DA:288,51
DA:293,7
DA:294,6
DA:296,6
DA:297,5
DA:299,4
DA:300,4
DA:302,4
DA:303,4
DA:306,4
DA:307,4
DA:309,4
DA:310,4
DA:314,9
DA:315,8
DA:317,8
DA:318,7
DA:319,7
DA:320,6
DA:322,5
DA:323,5
DA:325,4
DA:326,4
DA:327,4
DA:329,4
DA:331,4
DA:332,4
DA:333,4
DA:334,4
DA:335,4
DA:336,4
DA:338,4
DA:342,16
DA:343,15
DA:345,15
DA:347,14
DA:348,14
DA:349,13
DA:351,12
DA:352,12
DA:362,12
DA:364,12
DA:366,12
DA:370,12
DA:371,12
DA:373,12
DA:379,12
DA:381,12
DA:385,12
DA:386,12
DA:387,12
DA:389,12
DA:391,12
DA:392,12
DA:394,12
DA:398,9
DA:399,9
DA:401,9
DA:402,9
DA:404,9
DA:406,9
DA:408,9
DA:409,9
DA:410,9
DA:411,10
DA:412,9
DA:413,9
DA:414,9
DA:417,9
DA:419,9
DA:421,9
DA:425,9
DA:426,6
DA:428,6
DA:430,6
DA:431,6
DA:432,6
DA:433,6
DA:435,6
DA:436,6
DA:438,6
DA:440,6
DA:442,6
DA:443,6
DA:445,3
DA:446,3
DA:447,3
DA:449,3
DA:451,3
DA:456,2
DA:458,1
DA:459,1
DA:460,1
DA:464,4
DA:465,3
DA:466,2
DA:468,1
DA:469,1
DA:473,4
DA:474,3
DA:476,2
DA:480,3
DA:482,2
DA:483,2
DA:484,2
DA:486,1
DA:487,1
DA:491,4
DA:495,3
DA:513,2
DA:514,1
DA:516,1
DA:545,2
DA:546,1
DA:548,1
DA:571,2
DA:572,1
DA:574,1
DA:586,13
LF:193
LH:193
BRDA:130,1,0,66
BRDA:130,1,1,0
BRDA:133,2,0,64
BRDA:133,2,1,2
BRDA:141,3,0,12
BRDA:141,3,1,0
BRDA:142,4,0,11
BRDA:142,4,1,1
BRDA:143,5,0,9
BRDA:143,5,1,2
BRDA:149,6,0,1
BRDA:149,6,1,0
BRDA:155,7,0,8
BRDA:155,7,1,1
BRDA:159,8,0,5
BRDA:159,8,1,3
BRDA:181,9,0,84
BRDA:181,9,1,2
BRDA:182,10,0,84
BRDA:182,10,1,0
BRDA:183,11,0,83
BRDA:183,11,1,1
BRDA:184,12,0,82
BRDA:184,12,1,1
BRDA:185,13,0,81
BRDA:185,13,1,1
BRDA:186,14,0,80
BRDA:186,14,1,1
BRDA:218,15,0,8
BRDA:218,15,1,1
BRDA:221,16,0,7
BRDA:221,16,1,1
BRDA:221,17,0,6
BRDA:221,17,1,1
BRDA:222,18,0,6
BRDA:222,18,1,1
BRDA:223,19,0,5
BRDA:223,19,1,1
BRDA:233,20,0,7
BRDA:233,20,1,1
BRDA:234,21,0,6
BRDA:234,21,1,1
BRDA:235,22,0,4
BRDA:235,22,1,2
BRDA:245,23,0,58
BRDA:245,23,1,0
BRDA:246,24,0,57
BRDA:246,24,1,1
BRDA:249,25,0,56
BRDA:249,25,1,1
BRDA:250,26,0,55
BRDA:250,26,1,1
BRDA:251,27,0,54
BRDA:251,27,1,1
BRDA:252,28,0,53
BRDA:252,28,1,1
BRDA:253,29,0,52
BRDA:253,29,1,1
BRDA:258,30,0,2
BRDA:258,30,1,50
BRDA:262,31,0,51
BRDA:262,31,1,1
BRDA:293,32,0,6
BRDA:293,32,1,1
BRDA:296,33,0,5
BRDA:296,33,1,1
BRDA:297,34,0,4
BRDA:297,34,1,1
BRDA:302,35,0,4
BRDA:302,35,1,0
BRDA:314,36,0,8
BRDA:314,36,1,1
BRDA:317,37,0,7
BRDA:317,37,1,1
BRDA:318,38,0,7
BRDA:318,38,1,0
BRDA:318,39,0,7
BRDA:318,39,1,0
BRDA:319,40,0,6
BRDA:319,40,1,1
BRDA:320,41,0,5
BRDA:320,41,1,1
BRDA:323,42,0,4
BRDA:323,42,1,1
BRDA:342,43,0,15
BRDA:342,43,1,1
BRDA:345,44,0,14
BRDA:345,44,1,1
BRDA:347,45,0,14
BRDA:347,45,1,0
BRDA:348,46,0,13
BRDA:348,46,1,1
BRDA:349,47,0,12
BRDA:349,47,1,1
BRDA:381,48,0,12
BRDA:381,48,1,0
BRDA:382,49,0,0
BRDA:382,49,1,0
BRDA:383,50,0,0
BRDA:383,50,1,0
BRDA:397,51,0,9
BRDA:397,51,1,0
BRDA:401,52,0,9
BRDA:401,52,1,0
BRDA:402,53,0,9
BRDA:402,53,1,0
BRDA:411,54,0,9
BRDA:411,54,1,1
BRDA:417,55,0,9
BRDA:417,55,1,0
BRDA:422,56,0,8
BRDA:422,56,1,1
BRDA:425,57,0,6
BRDA:425,57,1,3
BRDA:428,58,0,6
BRDA:428,58,1,0
BRDA:456,59,0,1
BRDA:456,59,1,1
BRDA:464,60,0,3
BRDA:464,60,1,1
BRDA:465,61,0,2
BRDA:465,61,1,1
BRDA:466,62,0,1
BRDA:466,62,1,1
BRDA:473,63,0,3
BRDA:473,63,1,1
BRDA:474,64,0,2
BRDA:474,64,1,1
BRDA:480,65,0,2
BRDA:480,65,1,1
BRDA:484,66,0,1
BRDA:484,66,1,1
BRDA:487,67,0,1
BRDA:487,67,1,0
BRDA:513,68,0,1
BRDA:513,68,1,1
BRDA:545,69,0,1
BRDA:545,69,1,1
BRDA:571,70,0,1
BRDA:571,70,1,1
BRF:140
BRH:120
end_of_record
TN:
SF:/home/spericorn/Ajay/Weather_Based_Insurance/contracts/mockLinkToken.sol
FN:7,constructor
FN:11,transferAndCall
FNF:2
FNH:2
FNDA:32,constructor
FNDA:13,transferAndCall
DA:8,32
DA:20,13
DA:22,13
DA:23,12
DA:32,12
DA:33,12
DA:37,1
LF:7
LH:7
BRDA:22,1,0,12
BRDA:22,1,1,1
BRDA:32,2,0,12
BRDA:32,2,1,0
BRF:4
BRH:3
end_of_record
TN:
SF:/home/spericorn/Ajay/Weather_Based_Insurance/contracts/mockOracle.sol
FN:17,constructor
FN:21,onTokenTransfer
FN:40,fulfillOracleRequest
FN:66,fulfillOracleRequest
FNF:4
FNH:4
FNDA:32,constructor
FNDA:12,onTokenTransfer
FNDA:1,fulfillOracleRequest
FNDA:9,fulfillOracleRequest
DA:18,32
DA:26,12
DA:28,12
DA:31,0
DA:36,0
DA:37,0
DA:44,1
DA:46,1
DA:47,1
DA:49,1
DA:50,1
DA:52,0
DA:55,1
DA:59,1
DA:60,1
DA:63,1
DA:73,9
DA:75,9
DA:76,9
DA:79,9
LF:20
LH:16
BRDA:26,1,0,12
BRDA:26,1,1,0
BRDA:49,2,0,1
BRDA:49,2,1,0
BRDA:59,3,0,1
BRDA:59,3,1,0
BRDA:75,4,0,9
BRDA:75,4,1,0
BRF:8
BRH:4
end_of_record
